20:24:27.827 [main] DEBUG com.intuit.karate.Suite - [config] classpath:karate-config.js
20:24:29.972 [main] INFO  com.intuit.karate - karate.env system property was: null 
20:24:30.877 [main] DEBUG com.intuit.karate - request:
1 > GET https://jsonplaceholder.typicode.com/todos/1
1 > Host: jsonplaceholder.typicode.com
1 > Connection: Keep-Alive
1 > User-Agent: Apache-HttpClient/4.5.13 (Java/19.0.1)
1 > Accept-Encoding: gzip,deflate


20:24:32.000 [main] DEBUG com.intuit.karate - response time in milliseconds: 1058
1 < 200
1 < Date: Sat, 02 Dec 2023 23:24:34 GMT
1 < Content-Type: application/json; charset=utf-8
1 < Transfer-Encoding: chunked
1 < Connection: keep-alive
1 < Report-To: {"group":"heroku-nel","max_age":3600,"endpoints":[{"url":"https://nel.heroku.com/reports?ts=1701183111&sid=e11707d5-02a7-43ef-b45e-2cf4d2036f7d&s=3jrMlaKmF0xgLKCUO0Fsivkoev%2FN%2FYz2f81MfPYdy5g%3D"}]}
1 < Reporting-Endpoints: heroku-nel=https://nel.heroku.com/reports?ts=1701183111&sid=e11707d5-02a7-43ef-b45e-2cf4d2036f7d&s=3jrMlaKmF0xgLKCUO0Fsivkoev%2FN%2FYz2f81MfPYdy5g%3D
1 < Nel: {"report_to":"heroku-nel","max_age":3600,"success_fraction":0.005,"failure_fraction":0.05,"response_headers":["Via"]}
1 < X-Powered-By: Express
1 < X-Ratelimit-Limit: 1000
1 < X-Ratelimit-Remaining: 999
1 < X-Ratelimit-Reset: 1701183164
1 < Vary: Origin, Accept-Encoding
1 < Access-Control-Allow-Credentials: true
1 < Cache-Control: max-age=43200
1 < Pragma: no-cache
1 < Expires: -1
1 < X-Content-Type-Options: nosniff
1 < Etag: W/"53-hfEnumeNh6YirfjyjaujcOPPT+s"
1 < Via: 1.1 vegur
1 < CF-Cache-Status: HIT
1 < Age: 1942
1 < Server: cloudflare
1 < CF-RAY: 82f752f8fcc97758-AMS
1 < alt-svc: h3=":443"; ma=86400
{"id":1,"completed":false,"title":"delectus aut autem","userId":1}
20:26:14.269 [main] DEBUG com.intuit.karate.Suite - [config] classpath:karate-config.js
20:26:16.354 [main] INFO  com.intuit.karate - karate.env system property was: null 
20:26:17.282 [main] DEBUG com.intuit.karate - request:
1 > GET https://jsonplaceholder.typicode.com/todos/1
1 > Host: jsonplaceholder.typicode.com
1 > Connection: Keep-Alive
1 > User-Agent: Apache-HttpClient/4.5.13 (Java/19.0.1)
1 > Accept-Encoding: gzip,deflate


20:26:18.391 [main] DEBUG com.intuit.karate - response time in milliseconds: 1053
1 < 200
1 < Date: Sat, 02 Dec 2023 23:26:20 GMT
1 < Content-Type: application/json; charset=utf-8
1 < Transfer-Encoding: chunked
1 < Connection: keep-alive
1 < Report-To: {"group":"heroku-nel","max_age":3600,"endpoints":[{"url":"https://nel.heroku.com/reports?ts=1699596545&sid=e11707d5-02a7-43ef-b45e-2cf4d2036f7d&s=Ffnwm9fe3faEla61hexbdb23nBBnLdXPowxuFzc4%2BC8%3D"}]}
1 < Reporting-Endpoints: heroku-nel=https://nel.heroku.com/reports?ts=1699596545&sid=e11707d5-02a7-43ef-b45e-2cf4d2036f7d&s=Ffnwm9fe3faEla61hexbdb23nBBnLdXPowxuFzc4%2BC8%3D
1 < Nel: {"report_to":"heroku-nel","max_age":3600,"success_fraction":0.005,"failure_fraction":0.05,"response_headers":["Via"]}
1 < X-Powered-By: Express
1 < X-Ratelimit-Limit: 1000
1 < X-Ratelimit-Remaining: 991
1 < X-Ratelimit-Reset: 1699596590
1 < Vary: Origin, Accept-Encoding
1 < Access-Control-Allow-Credentials: true
1 < Cache-Control: max-age=43200
1 < Pragma: no-cache
1 < Expires: -1
1 < X-Content-Type-Options: nosniff
1 < Etag: W/"53-hfEnumeNh6YirfjyjaujcOPPT+s"
1 < Via: 1.1 vegur
1 < CF-Cache-Status: HIT
1 < Age: 4449
1 < Server: cloudflare
1 < CF-RAY: 82f75591f826662c-AMS
1 < alt-svc: h3=":443"; ma=86400
{"id":1,"completed":false,"title":"delectus aut autem","userId":1}
20:26:18.454 [main] INFO  com.intuit.karate - karate.env system property was: null 
20:26:18.466 [main] DEBUG com.intuit.karate - request:
1 > GET https://jsonplaceholder.typicode.com/abacate/1839213710
1 > Host: jsonplaceholder.typicode.com
1 > Connection: Keep-Alive
1 > User-Agent: Apache-HttpClient/4.5.13 (Java/19.0.1)
1 > Accept-Encoding: gzip,deflate


20:26:18.928 [main] DEBUG com.intuit.karate - response time in milliseconds: 462
1 < 404
1 < Date: Sat, 02 Dec 2023 23:26:21 GMT
1 < Content-Type: application/json; charset=utf-8
1 < Content-Length: 2
1 < Connection: keep-alive
1 < Report-To: {"group":"heroku-nel","max_age":3600,"endpoints":[{"url":"https://nel.heroku.com/reports?ts=1701559581&sid=e11707d5-02a7-43ef-b45e-2cf4d2036f7d&s=Dt2iez7sW979cirRw3aL0x3ucZia4Y8ChdBcZJqS28s%3D"}]}
1 < Reporting-Endpoints: heroku-nel=https://nel.heroku.com/reports?ts=1701559581&sid=e11707d5-02a7-43ef-b45e-2cf4d2036f7d&s=Dt2iez7sW979cirRw3aL0x3ucZia4Y8ChdBcZJqS28s%3D
1 < Nel: {"report_to":"heroku-nel","max_age":3600,"success_fraction":0.005,"failure_fraction":0.05,"response_headers":["Via"]}
1 < X-Powered-By: Express
1 < X-Ratelimit-Limit: 1000
1 < X-Ratelimit-Remaining: 999
1 < X-Ratelimit-Reset: 1701559607
1 < Vary: Origin, Accept-Encoding
1 < Access-Control-Allow-Credentials: true
1 < Cache-Control: max-age=43200
1 < Pragma: no-cache
1 < Expires: -1
1 < X-Content-Type-Options: nosniff
1 < Etag: W/"2-vyGp6PvFo4RvsFtPoIWeCReyIC8"
1 < Via: 1.1 vegur
1 < CF-Cache-Status: MISS
1 < Server: cloudflare
1 < CF-RAY: 82f755941f30a484-GRU
1 < alt-svc: h3=":443"; ma=86400
{}
20:41:45.209 [main] DEBUG com.intuit.karate.Suite - [config] classpath:karate-config.js
20:41:47.613 [main] INFO  com.intuit.karate - karate.env system property was: null 
20:41:48.557 [main] DEBUG com.intuit.karate - request:
1 > GET https://jsonplaceholder.typicode.com/todos/1
1 > Host: jsonplaceholder.typicode.com
1 > Connection: Keep-Alive
1 > User-Agent: Apache-HttpClient/4.5.13 (Java/19.0.1)
1 > Accept-Encoding: gzip,deflate


20:41:49.439 [main] DEBUG com.intuit.karate - response time in milliseconds: 821
1 < 200
1 < Date: Sat, 02 Dec 2023 23:41:51 GMT
1 < Content-Type: application/json; charset=utf-8
1 < Transfer-Encoding: chunked
1 < Connection: keep-alive
1 < Report-To: {"group":"heroku-nel","max_age":3600,"endpoints":[{"url":"https://nel.heroku.com/reports?ts=1701241076&sid=e11707d5-02a7-43ef-b45e-2cf4d2036f7d&s=nhGZZomXe2APScpWPTr8rMVF1bW9gZflprterR8uJnk%3D"}]}
1 < Reporting-Endpoints: heroku-nel=https://nel.heroku.com/reports?ts=1701241076&sid=e11707d5-02a7-43ef-b45e-2cf4d2036f7d&s=nhGZZomXe2APScpWPTr8rMVF1bW9gZflprterR8uJnk%3D
1 < Nel: {"report_to":"heroku-nel","max_age":3600,"success_fraction":0.005,"failure_fraction":0.05,"response_headers":["Via"]}
1 < X-Powered-By: Express
1 < X-Ratelimit-Limit: 1000
1 < X-Ratelimit-Remaining: 999
1 < X-Ratelimit-Reset: 1701241124
1 < Vary: Origin, Accept-Encoding
1 < Access-Control-Allow-Credentials: true
1 < Cache-Control: max-age=43200
1 < Pragma: no-cache
1 < Expires: -1
1 < X-Content-Type-Options: nosniff
1 < Etag: W/"53-hfEnumeNh6YirfjyjaujcOPPT+s"
1 < Via: 1.1 vegur
1 < CF-Cache-Status: HIT
1 < Age: 2209
1 < Server: cloudflare
1 < CF-RAY: 82f76c4d1dbc25a1-MIA
1 < alt-svc: h3=":443"; ma=86400
{"id":1,"completed":false,"title":"delectus aut autem","userId":1}
20:41:49.503 [main] INFO  com.intuit.karate - karate.env system property was: null 
20:41:49.512 [main] DEBUG com.intuit.karate - request:
1 > GET https://jsonplaceholder.typicode.com/abacate/1839213710
1 > Host: jsonplaceholder.typicode.com
1 > Connection: Keep-Alive
1 > User-Agent: Apache-HttpClient/4.5.13 (Java/19.0.1)
1 > Accept-Encoding: gzip,deflate


20:41:49.960 [main] DEBUG com.intuit.karate - response time in milliseconds: 447
1 < 404
1 < Date: Sat, 02 Dec 2023 23:41:52 GMT
1 < Content-Type: application/json; charset=utf-8
1 < Content-Length: 2
1 < Connection: keep-alive
1 < Report-To: {"group":"heroku-nel","max_age":3600,"endpoints":[{"url":"https://nel.heroku.com/reports?ts=1701560512&sid=e11707d5-02a7-43ef-b45e-2cf4d2036f7d&s=QSijG%2BNT2NcChQ9tJlhfN1fUAOYqZ0icCUpCV%2BgJL4o%3D"}]}
1 < Reporting-Endpoints: heroku-nel=https://nel.heroku.com/reports?ts=1701560512&sid=e11707d5-02a7-43ef-b45e-2cf4d2036f7d&s=QSijG%2BNT2NcChQ9tJlhfN1fUAOYqZ0icCUpCV%2BgJL4o%3D
1 < Nel: {"report_to":"heroku-nel","max_age":3600,"success_fraction":0.005,"failure_fraction":0.05,"response_headers":["Via"]}
1 < X-Powered-By: Express
1 < X-Ratelimit-Limit: 1000
1 < X-Ratelimit-Remaining: 999
1 < X-Ratelimit-Reset: 1701560567
1 < Vary: Origin, Accept-Encoding
1 < Access-Control-Allow-Credentials: true
1 < Cache-Control: max-age=43200
1 < Pragma: no-cache
1 < Expires: -1
1 < X-Content-Type-Options: nosniff
1 < Etag: W/"2-vyGp6PvFo4RvsFtPoIWeCReyIC8"
1 < Via: 1.1 vegur
1 < CF-Cache-Status: MISS
1 < Server: cloudflare
1 < CF-RAY: 82f76c4f2e321186-GIG
1 < alt-svc: h3=":443"; ma=86400
{}
20:41:49.992 [main] INFO  com.intuit.karate - karate.env system property was: null 
20:41:50.004 [main] DEBUG com.intuit.karate - request:
1 > GET https://jsonplaceholder.typicode.com/comments/1
1 > Host: jsonplaceholder.typicode.com
1 > Connection: Keep-Alive
1 > User-Agent: Apache-HttpClient/4.5.13 (Java/19.0.1)
1 > Accept-Encoding: gzip,deflate


20:41:50.958 [main] DEBUG com.intuit.karate - response time in milliseconds: 952
1 < 200
1 < Date: Sat, 02 Dec 2023 23:41:53 GMT
1 < Content-Type: application/json; charset=utf-8
1 < Transfer-Encoding: chunked
1 < Connection: keep-alive
1 < Report-To: {"group":"heroku-nel","max_age":3600,"endpoints":[{"url":"https://nel.heroku.com/reports?ts=1701560513&sid=e11707d5-02a7-43ef-b45e-2cf4d2036f7d&s=OsmFl4fltle5djpBf0ngtCNmYSyGuvMiAI2WE5e1msU%3D"}]}
1 < Reporting-Endpoints: heroku-nel=https://nel.heroku.com/reports?ts=1701560513&sid=e11707d5-02a7-43ef-b45e-2cf4d2036f7d&s=OsmFl4fltle5djpBf0ngtCNmYSyGuvMiAI2WE5e1msU%3D
1 < Nel: {"report_to":"heroku-nel","max_age":3600,"success_fraction":0.005,"failure_fraction":0.05,"response_headers":["Via"]}
1 < X-Powered-By: Express
1 < X-Ratelimit-Limit: 1000
1 < X-Ratelimit-Remaining: 998
1 < X-Ratelimit-Reset: 1701560567
1 < Vary: Origin, Accept-Encoding
1 < Access-Control-Allow-Credentials: true
1 < Cache-Control: max-age=43200
1 < Pragma: no-cache
1 < Expires: -1
1 < X-Content-Type-Options: nosniff
1 < Etag: W/"10c-KJ4I9RM/+33TKdV8CFsIvqsDSP0"
1 < Via: 1.1 vegur
1 < CF-Cache-Status: EXPIRED
1 < Server: cloudflare
1 < CF-RAY: 82f76c553a850e8c-AMS
1 < alt-svc: h3=":443"; ma=86400
{"name":"id labore ex et quam laborum","postId":1,"id":1,"body":"laudantium enim quasi est quidem magnam voluptate ipsam eos\ntempora quo necessitatibus\ndolor quam autem quasi\nreiciendis et nam sapiente accusantium","email":"Eliseo@gardner.biz"}
20:49:34.556 [main] DEBUG com.intuit.karate.Suite - [config] classpath:karate-config.js
20:49:36.591 [main] INFO  com.intuit.karate - karate.env system property was: null 
20:49:37.438 [main] DEBUG com.intuit.karate - request:
1 > GET https://jsonplaceholder.typicode.com/todos/1
1 > Host: jsonplaceholder.typicode.com
1 > Connection: Keep-Alive
1 > User-Agent: Apache-HttpClient/4.5.13 (Java/19.0.1)
1 > Accept-Encoding: gzip,deflate


20:49:38.561 [main] DEBUG com.intuit.karate - response time in milliseconds: 1052
1 < 200
1 < Date: Sat, 02 Dec 2023 23:49:40 GMT
1 < Content-Type: application/json; charset=utf-8
1 < Transfer-Encoding: chunked
1 < Connection: keep-alive
1 < Report-To: {"group":"heroku-nel","max_age":3600,"endpoints":[{"url":"https://nel.heroku.com/reports?ts=1701155468&sid=e11707d5-02a7-43ef-b45e-2cf4d2036f7d&s=OObi9IjELq6QvUranoWA6KQlSG09mMOJO1V9PL80rS8%3D"}]}
1 < Reporting-Endpoints: heroku-nel=https://nel.heroku.com/reports?ts=1701155468&sid=e11707d5-02a7-43ef-b45e-2cf4d2036f7d&s=OObi9IjELq6QvUranoWA6KQlSG09mMOJO1V9PL80rS8%3D
1 < Nel: {"report_to":"heroku-nel","max_age":3600,"success_fraction":0.005,"failure_fraction":0.05,"response_headers":["Via"]}
1 < X-Powered-By: Express
1 < X-Ratelimit-Limit: 1000
1 < X-Ratelimit-Remaining: 999
1 < X-Ratelimit-Reset: 1701155503
1 < Vary: Origin, Accept-Encoding
1 < Access-Control-Allow-Credentials: true
1 < Cache-Control: max-age=43200
1 < Pragma: no-cache
1 < Expires: -1
1 < X-Content-Type-Options: nosniff
1 < Etag: W/"53-hfEnumeNh6YirfjyjaujcOPPT+s"
1 < Via: 1.1 vegur
1 < CF-Cache-Status: HIT
1 < Age: 2279
1 < Server: cloudflare
1 < CF-RAY: 82f777c0ce3b0a51-AMS
1 < alt-svc: h3=":443"; ma=86400
{"id":1,"completed":false,"title":"delectus aut autem","userId":1}
20:49:38.623 [main] INFO  com.intuit.karate - karate.env system property was: null 
20:49:38.634 [main] DEBUG com.intuit.karate - request:
1 > GET https://jsonplaceholder.typicode.com/abacate/1839213710
1 > Host: jsonplaceholder.typicode.com
1 > Connection: Keep-Alive
1 > User-Agent: Apache-HttpClient/4.5.13 (Java/19.0.1)
1 > Accept-Encoding: gzip,deflate


20:49:39.147 [main] DEBUG com.intuit.karate - response time in milliseconds: 511
1 < 404
1 < Date: Sat, 02 Dec 2023 23:49:41 GMT
1 < Content-Type: application/json; charset=utf-8
1 < Content-Length: 2
1 < Connection: keep-alive
1 < Report-To: {"group":"heroku-nel","max_age":3600,"endpoints":[{"url":"https://nel.heroku.com/reports?ts=1701560981&sid=e11707d5-02a7-43ef-b45e-2cf4d2036f7d&s=xwPm%2B8L%2B8QtDCqPskAH78xsjLW6iyPsOgvcSA8KurF8%3D"}]}
1 < Reporting-Endpoints: heroku-nel=https://nel.heroku.com/reports?ts=1701560981&sid=e11707d5-02a7-43ef-b45e-2cf4d2036f7d&s=xwPm%2B8L%2B8QtDCqPskAH78xsjLW6iyPsOgvcSA8KurF8%3D
1 < Nel: {"report_to":"heroku-nel","max_age":3600,"success_fraction":0.005,"failure_fraction":0.05,"response_headers":["Via"]}
1 < X-Powered-By: Express
1 < X-Ratelimit-Limit: 1000
1 < X-Ratelimit-Remaining: 999
1 < X-Ratelimit-Reset: 1701560987
1 < Vary: Origin, Accept-Encoding
1 < Access-Control-Allow-Credentials: true
1 < Cache-Control: max-age=43200
1 < Pragma: no-cache
1 < Expires: -1
1 < X-Content-Type-Options: nosniff
1 < Etag: W/"2-vyGp6PvFo4RvsFtPoIWeCReyIC8"
1 < Via: 1.1 vegur
1 < CF-Cache-Status: MISS
1 < Server: cloudflare
1 < CF-RAY: 82f777c4ba996dda-MIA
1 < alt-svc: h3=":443"; ma=86400
{}
20:49:39.186 [main] INFO  com.intuit.karate - karate.env system property was: null 
20:49:39.201 [main] DEBUG com.intuit.karate - request:
1 > GET https://jsonplaceholder.typicode.com/comments/1
1 > Host: jsonplaceholder.typicode.com
1 > Connection: Keep-Alive
1 > User-Agent: Apache-HttpClient/4.5.13 (Java/19.0.1)
1 > Accept-Encoding: gzip,deflate


20:49:39.861 [main] DEBUG com.intuit.karate - response time in milliseconds: 658
1 < 200
1 < Date: Sat, 02 Dec 2023 23:49:42 GMT
1 < Content-Type: application/json; charset=utf-8
1 < Transfer-Encoding: chunked
1 < Connection: keep-alive
1 < Report-To: {"group":"heroku-nel","max_age":3600,"endpoints":[{"url":"https://nel.heroku.com/reports?ts=1701403035&sid=e11707d5-02a7-43ef-b45e-2cf4d2036f7d&s=CexPwLzGLC8c%2BtjsCNKOJ%2B7in%2FOO0R5ic7EDuwkbL7o%3D"}]}
1 < Reporting-Endpoints: heroku-nel=https://nel.heroku.com/reports?ts=1701403035&sid=e11707d5-02a7-43ef-b45e-2cf4d2036f7d&s=CexPwLzGLC8c%2BtjsCNKOJ%2B7in%2FOO0R5ic7EDuwkbL7o%3D
1 < Nel: {"report_to":"heroku-nel","max_age":3600,"success_fraction":0.005,"failure_fraction":0.05,"response_headers":["Via"]}
1 < X-Powered-By: Express
1 < X-Ratelimit-Limit: 1000
1 < X-Ratelimit-Remaining: 999
1 < X-Ratelimit-Reset: 1701403078
1 < Vary: Origin, Accept-Encoding
1 < Access-Control-Allow-Credentials: true
1 < Cache-Control: max-age=43200
1 < Pragma: no-cache
1 < Expires: -1
1 < X-Content-Type-Options: nosniff
1 < Etag: W/"10c-KJ4I9RM/+33TKdV8CFsIvqsDSP0"
1 < Via: 1.1 vegur
1 < CF-Cache-Status: HIT
1 < Age: 9927
1 < Server: cloudflare
1 < CF-RAY: 82f777c97a7f0a77-AMS
1 < alt-svc: h3=":443"; ma=86400
{"name":"id labore ex et quam laborum","postId":1,"id":1,"body":"laudantium enim quasi est quidem magnam voluptate ipsam eos\ntempora quo necessitatibus\ndolor quam autem quasi\nreiciendis et nam sapiente accusantium","email":"Eliseo@gardner.biz"}
20:49:39.969 [main] INFO  com.intuit.karate - karate.env system property was: null 
20:49:39.977 [main] DEBUG com.intuit.karate - request:
1 > GET https://jsonplaceholder.typicode.com/albums
1 > Host: jsonplaceholder.typicode.com
1 > Connection: Keep-Alive
1 > User-Agent: Apache-HttpClient/4.5.13 (Java/19.0.1)
1 > Accept-Encoding: gzip,deflate


20:49:40.947 [main] DEBUG com.intuit.karate - response time in milliseconds: 920
1 < 200
1 < Date: Sat, 02 Dec 2023 23:49:43 GMT
1 < Content-Type: application/json; charset=utf-8
1 < Transfer-Encoding: chunked
1 < Connection: keep-alive
1 < Report-To: {"group":"heroku-nel","max_age":3600,"endpoints":[{"url":"https://nel.heroku.com/reports?ts=1699735519&sid=e11707d5-02a7-43ef-b45e-2cf4d2036f7d&s=pA8FjVGt6mYRm1BgGJIvptEKAEjvVg%2FwQlTkfp%2FPObM%3D"}]}
1 < Reporting-Endpoints: heroku-nel=https://nel.heroku.com/reports?ts=1699735519&sid=e11707d5-02a7-43ef-b45e-2cf4d2036f7d&s=pA8FjVGt6mYRm1BgGJIvptEKAEjvVg%2FwQlTkfp%2FPObM%3D
1 < Nel: {"report_to":"heroku-nel","max_age":3600,"success_fraction":0.005,"failure_fraction":0.05,"response_headers":["Via"]}
1 < X-Powered-By: Express
1 < X-Ratelimit-Limit: 1000
1 < X-Ratelimit-Remaining: 999
1 < X-Ratelimit-Reset: 1699735551
1 < Vary: Origin, Accept-Encoding
1 < Access-Control-Allow-Credentials: true
1 < Cache-Control: max-age=43200
1 < Pragma: no-cache
1 < Expires: -1
1 < X-Content-Type-Options: nosniff
1 < Etag: W/"2475-YUx9CiwTgoHXeL4210gtmqFIZNA"
1 < Via: 1.1 vegur
1 < CF-Cache-Status: REVALIDATED
1 < Server: cloudflare
1 < CF-RAY: 82f777ce4f6a0bd7-AMS
1 < alt-svc: h3=":443"; ma=86400
[{"id":1,"title":"quidem molestiae enim","userId":1},{"id":2,"title":"sunt qui excepturi placeat culpa","userId":1},{"id":3,"title":"omnis laborum odio","userId":1},{"id":4,"title":"non esse culpa molestiae omnis sed optio","userId":1},{"id":5,"title":"eaque aut omnis a","userId":1},{"id":6,"title":"natus impedit quibusdam illo est","userId":1},{"id":7,"title":"quibusdam autem aliquid et et quia","userId":1},{"id":8,"title":"qui fuga est a eum","userId":1},{"id":9,"title":"saepe unde necessitatibus rem","userId":1},{"id":10,"title":"distinctio laborum qui","userId":1},{"id":11,"title":"quam nostrum impedit mollitia quod et dolor","userId":2},{"id":12,"title":"consequatur autem doloribus natus consectetur","userId":2},{"id":13,"title":"ab rerum non rerum consequatur ut ea unde","userId":2},{"id":14,"title":"ducimus molestias eos animi atque nihil","userId":2},{"id":15,"title":"ut pariatur rerum ipsum natus repellendus praesentium","userId":2},{"id":16,"title":"voluptatem aut maxime inventore autem magnam atque repellat","userId":2},{"id":17,"title":"aut minima voluptatem ut velit","userId":2},{"id":18,"title":"nesciunt quia et doloremque","userId":2},{"id":19,"title":"velit pariatur quaerat similique libero omnis quia","userId":2},{"id":20,"title":"voluptas rerum iure ut enim","userId":2},{"id":21,"title":"repudiandae voluptatem optio est consequatur rem in temporibus et","userId":3},{"id":22,"title":"et rem non provident vel ut","userId":3},{"id":23,"title":"incidunt quisquam hic adipisci sequi","userId":3},{"id":24,"title":"dolores ut et facere placeat","userId":3},{"id":25,"title":"vero maxime id possimus sunt neque et consequatur","userId":3},{"id":26,"title":"quibusdam saepe ipsa vel harum","userId":3},{"id":27,"title":"id non nostrum expedita","userId":3},{"id":28,"title":"omnis neque exercitationem sed dolor atque maxime aut cum","userId":3},{"id":29,"title":"inventore ut quasi magnam itaque est fugit","userId":3},{"id":30,"title":"tempora assumenda et similique odit distinctio error","userId":3},{"id":31,"title":"adipisci laborum fuga laboriosam","userId":4},{"id":32,"title":"reiciendis dolores a ut qui debitis non quo labore","userId":4},{"id":33,"title":"iste eos nostrum","userId":4},{"id":34,"title":"cumque voluptatibus rerum architecto blanditiis","userId":4},{"id":35,"title":"et impedit nisi quae magni necessitatibus sed aut pariatur","userId":4},{"id":36,"title":"nihil cupiditate voluptate neque","userId":4},{"id":37,"title":"est placeat dicta ut nisi rerum iste","userId":4},{"id":38,"title":"unde a sequi id","userId":4},{"id":39,"title":"ratione porro illum labore eum aperiam sed","userId":4},{"id":40,"title":"voluptas neque et sint aut quo odit","userId":4},{"id":41,"title":"ea voluptates maiores eos accusantium officiis tempore mollitia consequatur","userId":5},{"id":42,"title":"tenetur explicabo ea","userId":5},{"id":43,"title":"aperiam doloremque nihil","userId":5},{"id":44,"title":"sapiente cum numquam officia consequatur vel natus quos suscipit","userId":5},{"id":45,"title":"tenetur quos ea unde est enim corrupti qui","userId":5},{"id":46,"title":"molestiae voluptate non","userId":5},{"id":47,"title":"temporibus molestiae aut","userId":5},{"id":48,"title":"modi consequatur culpa aut quam soluta alias perspiciatis laudantium","userId":5},{"id":49,"title":"ut aut vero repudiandae voluptas ullam voluptas at consequatur","userId":5},{"id":50,"title":"sed qui sed quas sit ducimus dolor","userId":5},{"id":51,"title":"odit laboriosam sint quia cupiditate animi quis","userId":6},{"id":52,"title":"necessitatibus quas et sunt at voluptatem","userId":6},{"id":53,"title":"est vel sequi voluptatem nemo quam molestiae modi enim","userId":6},{"id":54,"title":"aut non illo amet perferendis","userId":6},{"id":55,"title":"qui culpa itaque omnis in nesciunt architecto error","userId":6},{"id":56,"title":"omnis qui maiores tempora officiis omnis rerum sed repellat","userId":6},{"id":57,"title":"libero excepturi voluptatem est architecto quae voluptatum officia tempora","userId":6},{"id":58,"title":"nulla illo consequatur aspernatur veritatis aut error delectus et","userId":6},{"id":59,"title":"eligendi similique provident nihil","userId":6},{"id":60,"title":"omnis mollitia sunt aliquid eum consequatur fugit minus laudantium","userId":6},{"id":61,"title":"delectus iusto et","userId":7},{"id":62,"title":"eos ea non recusandae iste ut quasi","userId":7},{"id":63,"title":"velit est quam","userId":7},{"id":64,"title":"autem voluptatem amet iure quae","userId":7},{"id":65,"title":"voluptates delectus iure iste qui","userId":7},{"id":66,"title":"velit sed quia dolor dolores delectus","userId":7},{"id":67,"title":"ad voluptas nostrum et nihil","userId":7},{"id":68,"title":"qui quasi nihil aut voluptatum sit dolore minima","userId":7},{"id":69,"title":"qui aut est","userId":7},{"id":70,"title":"et deleniti unde","userId":7},{"id":71,"title":"et vel corporis","userId":8},{"id":72,"title":"unde exercitationem ut","userId":8},{"id":73,"title":"quos omnis officia","userId":8},{"id":74,"title":"quia est eius vitae dolor","userId":8},{"id":75,"title":"aut quia expedita non","userId":8},{"id":76,"title":"dolorem magnam facere itaque ut reprehenderit tenetur corrupti","userId":8},{"id":77,"title":"cupiditate sapiente maiores iusto ducimus cum excepturi veritatis quia","userId":8},{"id":78,"title":"est minima eius possimus ea ratione velit et","userId":8},{"id":79,"title":"ipsa quae voluptas natus ut suscipit soluta quia quidem","userId":8},{"id":80,"title":"id nihil reprehenderit","userId":8},{"id":81,"title":"quibusdam sapiente et","userId":9},{"id":82,"title":"recusandae consequatur vel amet unde","userId":9},{"id":83,"title":"aperiam odio fugiat","userId":9},{"id":84,"title":"est et at eos expedita","userId":9},{"id":85,"title":"qui voluptatem consequatur aut ab quis temporibus praesentium","userId":9},{"id":86,"title":"eligendi mollitia alias aspernatur vel ut iusto","userId":9},{"id":87,"title":"aut aut architecto","userId":9},{"id":88,"title":"quas perspiciatis optio","userId":9},{"id":89,"title":"sit optio id voluptatem est eum et","userId":9},{"id":90,"title":"est vel dignissimos","userId":9},{"id":91,"title":"repellendus praesentium debitis officiis","userId":10},{"id":92,"title":"incidunt et et eligendi assumenda soluta quia recusandae","userId":10},{"id":93,"title":"nisi qui dolores perspiciatis","userId":10},{"id":94,"title":"quisquam a dolores et earum vitae","userId":10},{"id":95,"title":"consectetur vel rerum qui aperiam modi eos aspernatur ipsa","userId":10},{"id":96,"title":"unde et ut molestiae est molestias voluptatem sint","userId":10},{"id":97,"title":"est quod aut","userId":10},{"id":98,"title":"omnis quia possimus nesciunt deleniti assumenda sed autem","userId":10},{"id":99,"title":"consectetur ut id impedit dolores sit ad ex aut","userId":10},{"id":100,"title":"enim repellat iste","userId":10}]
20:49:40.975 [main] INFO  com.intuit.karate - [print] natus impedit quibusdam illo est 
20:53:08.041 [main] DEBUG com.intuit.karate.Suite - [config] classpath:karate-config.js
20:53:09.987 [main] INFO  com.intuit.karate - karate.env system property was: null 
20:53:10.845 [main] DEBUG com.intuit.karate - request:
1 > GET https://jsonplaceholder.typicode.com/todos/1
1 > Host: jsonplaceholder.typicode.com
1 > Connection: Keep-Alive
1 > User-Agent: Apache-HttpClient/4.5.13 (Java/19.0.1)
1 > Accept-Encoding: gzip,deflate


20:53:12.090 [main] DEBUG com.intuit.karate - response time in milliseconds: 1160
1 < 200
1 < Date: Sat, 02 Dec 2023 23:53:14 GMT
1 < Content-Type: application/json; charset=utf-8
1 < Transfer-Encoding: chunked
1 < Connection: keep-alive
1 < Report-To: {"group":"heroku-nel","max_age":3600,"endpoints":[{"url":"https://nel.heroku.com/reports?ts=1699596545&sid=e11707d5-02a7-43ef-b45e-2cf4d2036f7d&s=Ffnwm9fe3faEla61hexbdb23nBBnLdXPowxuFzc4%2BC8%3D"}]}
1 < Reporting-Endpoints: heroku-nel=https://nel.heroku.com/reports?ts=1699596545&sid=e11707d5-02a7-43ef-b45e-2cf4d2036f7d&s=Ffnwm9fe3faEla61hexbdb23nBBnLdXPowxuFzc4%2BC8%3D
1 < Nel: {"report_to":"heroku-nel","max_age":3600,"success_fraction":0.005,"failure_fraction":0.05,"response_headers":["Via"]}
1 < X-Powered-By: Express
1 < X-Ratelimit-Limit: 1000
1 < X-Ratelimit-Remaining: 991
1 < X-Ratelimit-Reset: 1699596590
1 < Vary: Origin, Accept-Encoding
1 < Access-Control-Allow-Credentials: true
1 < Cache-Control: max-age=43200
1 < Pragma: no-cache
1 < Expires: -1
1 < X-Content-Type-Options: nosniff
1 < Etag: W/"53-hfEnumeNh6YirfjyjaujcOPPT+s"
1 < Via: 1.1 vegur
1 < CF-Cache-Status: HIT
1 < Age: 6063
1 < Server: cloudflare
1 < CF-RAY: 82f77cf73f79663a-AMS
1 < alt-svc: h3=":443"; ma=86400
{"id":1,"completed":false,"title":"delectus aut autem","userId":1}
20:53:12.137 [main] INFO  com.intuit.karate - karate.env system property was: null 
20:53:12.145 [main] DEBUG com.intuit.karate - request:
1 > GET https://jsonplaceholder.typicode.com/abacate/1839213710
1 > Host: jsonplaceholder.typicode.com
1 > Connection: Keep-Alive
1 > User-Agent: Apache-HttpClient/4.5.13 (Java/19.0.1)
1 > Accept-Encoding: gzip,deflate


20:53:13.086 [main] DEBUG com.intuit.karate - response time in milliseconds: 939
1 < 404
1 < Date: Sat, 02 Dec 2023 23:53:15 GMT
1 < Content-Type: application/json; charset=utf-8
1 < Content-Length: 2
1 < Connection: keep-alive
1 < Report-To: {"group":"heroku-nel","max_age":3600,"endpoints":[{"url":"https://nel.heroku.com/reports?ts=1701561195&sid=e11707d5-02a7-43ef-b45e-2cf4d2036f7d&s=w5itnrN5y1YRxtyROr%2FIg7s3XK7cQPArZHsrcAz1eNk%3D"}]}
1 < Reporting-Endpoints: heroku-nel=https://nel.heroku.com/reports?ts=1701561195&sid=e11707d5-02a7-43ef-b45e-2cf4d2036f7d&s=w5itnrN5y1YRxtyROr%2FIg7s3XK7cQPArZHsrcAz1eNk%3D
1 < Nel: {"report_to":"heroku-nel","max_age":3600,"success_fraction":0.005,"failure_fraction":0.05,"response_headers":["Via"]}
1 < X-Powered-By: Express
1 < X-Ratelimit-Limit: 1000
1 < X-Ratelimit-Remaining: 999
1 < X-Ratelimit-Reset: 1701561227
1 < Vary: Origin, Accept-Encoding
1 < Access-Control-Allow-Credentials: true
1 < Cache-Control: max-age=43200
1 < Pragma: no-cache
1 < Expires: -1
1 < X-Content-Type-Options: nosniff
1 < Etag: W/"2-vyGp6PvFo4RvsFtPoIWeCReyIC8"
1 < Via: 1.1 vegur
1 < CF-Cache-Status: MISS
1 < Server: cloudflare
1 < CF-RAY: 82f77cfc998e99df-CDG
1 < alt-svc: h3=":443"; ma=86400
{}
20:53:13.112 [main] INFO  com.intuit.karate - karate.env system property was: null 
20:53:13.122 [main] DEBUG com.intuit.karate - request:
1 > GET https://jsonplaceholder.typicode.com/comments/1
1 > Host: jsonplaceholder.typicode.com
1 > Connection: Keep-Alive
1 > User-Agent: Apache-HttpClient/4.5.13 (Java/19.0.1)
1 > Accept-Encoding: gzip,deflate


20:53:13.795 [main] DEBUG com.intuit.karate - response time in milliseconds: 672
1 < 200
1 < Date: Sat, 02 Dec 2023 23:53:15 GMT
1 < Content-Type: application/json; charset=utf-8
1 < Transfer-Encoding: chunked
1 < Connection: keep-alive
1 < Report-To: {"group":"heroku-nel","max_age":3600,"endpoints":[{"url":"https://nel.heroku.com/reports?ts=1701560513&sid=e11707d5-02a7-43ef-b45e-2cf4d2036f7d&s=OsmFl4fltle5djpBf0ngtCNmYSyGuvMiAI2WE5e1msU%3D"}]}
1 < Reporting-Endpoints: heroku-nel=https://nel.heroku.com/reports?ts=1701560513&sid=e11707d5-02a7-43ef-b45e-2cf4d2036f7d&s=OsmFl4fltle5djpBf0ngtCNmYSyGuvMiAI2WE5e1msU%3D
1 < Nel: {"report_to":"heroku-nel","max_age":3600,"success_fraction":0.005,"failure_fraction":0.05,"response_headers":["Via"]}
1 < X-Powered-By: Express
1 < X-Ratelimit-Limit: 1000
1 < X-Ratelimit-Remaining: 998
1 < X-Ratelimit-Reset: 1701560567
1 < Vary: Origin, Accept-Encoding
1 < Access-Control-Allow-Credentials: true
1 < Cache-Control: max-age=43200
1 < Pragma: no-cache
1 < Expires: -1
1 < X-Content-Type-Options: nosniff
1 < Etag: W/"10c-KJ4I9RM/+33TKdV8CFsIvqsDSP0"
1 < Via: 1.1 vegur
1 < CF-Cache-Status: HIT
1 < Age: 682
1 < Server: cloudflare
1 < CF-RAY: 82f77d029f166561-AMS
1 < alt-svc: h3=":443"; ma=86400
{"name":"id labore ex et quam laborum","postId":1,"id":1,"body":"laudantium enim quasi est quidem magnam voluptate ipsam eos\ntempora quo necessitatibus\ndolor quam autem quasi\nreiciendis et nam sapiente accusantium","email":"Eliseo@gardner.biz"}
20:53:13.894 [main] INFO  com.intuit.karate - karate.env system property was: null 
20:53:13.904 [main] DEBUG com.intuit.karate - request:
1 > GET https://jsonplaceholder.typicode.com/comments/2
1 > Host: jsonplaceholder.typicode.com
1 > Connection: Keep-Alive
1 > User-Agent: Apache-HttpClient/4.5.13 (Java/19.0.1)
1 > Accept-Encoding: gzip,deflate


20:53:14.396 [main] DEBUG com.intuit.karate - response time in milliseconds: 490
1 < 200
1 < Date: Sat, 02 Dec 2023 23:53:16 GMT
1 < Content-Type: application/json; charset=utf-8
1 < Transfer-Encoding: chunked
1 < Connection: keep-alive
1 < Report-To: {"group":"heroku-nel","max_age":3600,"endpoints":[{"url":"https://nel.heroku.com/reports?ts=1701561196&sid=e11707d5-02a7-43ef-b45e-2cf4d2036f7d&s=xakN0B2tilnVA%2FNPrxZmcZSTLjIAI%2F489UAnMsRI9ZA%3D"}]}
1 < Reporting-Endpoints: heroku-nel=https://nel.heroku.com/reports?ts=1701561196&sid=e11707d5-02a7-43ef-b45e-2cf4d2036f7d&s=xakN0B2tilnVA%2FNPrxZmcZSTLjIAI%2F489UAnMsRI9ZA%3D
1 < Nel: {"report_to":"heroku-nel","max_age":3600,"success_fraction":0.005,"failure_fraction":0.05,"response_headers":["Via"]}
1 < X-Powered-By: Express
1 < X-Ratelimit-Limit: 1000
1 < X-Ratelimit-Remaining: 998
1 < X-Ratelimit-Reset: 1701561227
1 < Vary: Origin, Accept-Encoding
1 < Access-Control-Allow-Credentials: true
1 < Cache-Control: max-age=43200
1 < Pragma: no-cache
1 < Expires: -1
1 < X-Content-Type-Options: nosniff
1 < Etag: W/"131-qLQLtLTvhR1LYLT8m5I57G8u5nc"
1 < Via: 1.1 vegur
1 < CF-Cache-Status: MISS
1 < Server: cloudflare
1 < CF-RAY: 82f77d046f3177c6-GRU
1 < alt-svc: h3=":443"; ma=86400
{"name":"quo vero reiciendis velit similique earum","postId":1,"id":2,"body":"est natus enim nihil est dolore omnis voluptatem numquam\net omnis occaecati quod ullam at\nvoluptatem error expedita pariatur\nnihil sint nostrum voluptatem reiciendis et","email":"Jayne_Kuhic@sydney.com"}
20:53:14.419 [main] INFO  com.intuit.karate - karate.env system property was: null 
20:53:14.431 [main] DEBUG com.intuit.karate - request:
1 > GET https://jsonplaceholder.typicode.com/albums
1 > Host: jsonplaceholder.typicode.com
1 > Connection: Keep-Alive
1 > User-Agent: Apache-HttpClient/4.5.13 (Java/19.0.1)
1 > Accept-Encoding: gzip,deflate


20:53:14.634 [main] DEBUG com.intuit.karate - response time in milliseconds: 191
1 < 200
1 < Date: Sat, 02 Dec 2023 23:53:16 GMT
1 < Content-Type: application/json; charset=utf-8
1 < Transfer-Encoding: chunked
1 < Connection: keep-alive
1 < Report-To: {"group":"heroku-nel","max_age":3600,"endpoints":[{"url":"https://nel.heroku.com/reports?ts=1700758711&sid=e11707d5-02a7-43ef-b45e-2cf4d2036f7d&s=5yD9uQXY7n9%2B5HOYKEa70cy3ZLNuh%2FuOPUMuvmIrXjk%3D"}]}
1 < Reporting-Endpoints: heroku-nel=https://nel.heroku.com/reports?ts=1700758711&sid=e11707d5-02a7-43ef-b45e-2cf4d2036f7d&s=5yD9uQXY7n9%2B5HOYKEa70cy3ZLNuh%2FuOPUMuvmIrXjk%3D
1 < Nel: {"report_to":"heroku-nel","max_age":3600,"success_fraction":0.005,"failure_fraction":0.05,"response_headers":["Via"]}
1 < X-Powered-By: Express
1 < X-Ratelimit-Limit: 1000
1 < X-Ratelimit-Remaining: 999
1 < X-Ratelimit-Reset: 1700758769
1 < Vary: Origin, Accept-Encoding
1 < Access-Control-Allow-Credentials: true
1 < Cache-Control: max-age=43200
1 < Pragma: no-cache
1 < Expires: -1
1 < X-Content-Type-Options: nosniff
1 < Etag: W/"2475-YUx9CiwTgoHXeL4210gtmqFIZNA"
1 < Via: 1.1 vegur
1 < CF-Cache-Status: HIT
1 < Age: 19443
1 < Server: cloudflare
1 < CF-RAY: 82f77d084ab41f81-GIG
1 < alt-svc: h3=":443"; ma=86400
[{"id":1,"title":"quidem molestiae enim","userId":1},{"id":2,"title":"sunt qui excepturi placeat culpa","userId":1},{"id":3,"title":"omnis laborum odio","userId":1},{"id":4,"title":"non esse culpa molestiae omnis sed optio","userId":1},{"id":5,"title":"eaque aut omnis a","userId":1},{"id":6,"title":"natus impedit quibusdam illo est","userId":1},{"id":7,"title":"quibusdam autem aliquid et et quia","userId":1},{"id":8,"title":"qui fuga est a eum","userId":1},{"id":9,"title":"saepe unde necessitatibus rem","userId":1},{"id":10,"title":"distinctio laborum qui","userId":1},{"id":11,"title":"quam nostrum impedit mollitia quod et dolor","userId":2},{"id":12,"title":"consequatur autem doloribus natus consectetur","userId":2},{"id":13,"title":"ab rerum non rerum consequatur ut ea unde","userId":2},{"id":14,"title":"ducimus molestias eos animi atque nihil","userId":2},{"id":15,"title":"ut pariatur rerum ipsum natus repellendus praesentium","userId":2},{"id":16,"title":"voluptatem aut maxime inventore autem magnam atque repellat","userId":2},{"id":17,"title":"aut minima voluptatem ut velit","userId":2},{"id":18,"title":"nesciunt quia et doloremque","userId":2},{"id":19,"title":"velit pariatur quaerat similique libero omnis quia","userId":2},{"id":20,"title":"voluptas rerum iure ut enim","userId":2},{"id":21,"title":"repudiandae voluptatem optio est consequatur rem in temporibus et","userId":3},{"id":22,"title":"et rem non provident vel ut","userId":3},{"id":23,"title":"incidunt quisquam hic adipisci sequi","userId":3},{"id":24,"title":"dolores ut et facere placeat","userId":3},{"id":25,"title":"vero maxime id possimus sunt neque et consequatur","userId":3},{"id":26,"title":"quibusdam saepe ipsa vel harum","userId":3},{"id":27,"title":"id non nostrum expedita","userId":3},{"id":28,"title":"omnis neque exercitationem sed dolor atque maxime aut cum","userId":3},{"id":29,"title":"inventore ut quasi magnam itaque est fugit","userId":3},{"id":30,"title":"tempora assumenda et similique odit distinctio error","userId":3},{"id":31,"title":"adipisci laborum fuga laboriosam","userId":4},{"id":32,"title":"reiciendis dolores a ut qui debitis non quo labore","userId":4},{"id":33,"title":"iste eos nostrum","userId":4},{"id":34,"title":"cumque voluptatibus rerum architecto blanditiis","userId":4},{"id":35,"title":"et impedit nisi quae magni necessitatibus sed aut pariatur","userId":4},{"id":36,"title":"nihil cupiditate voluptate neque","userId":4},{"id":37,"title":"est placeat dicta ut nisi rerum iste","userId":4},{"id":38,"title":"unde a sequi id","userId":4},{"id":39,"title":"ratione porro illum labore eum aperiam sed","userId":4},{"id":40,"title":"voluptas neque et sint aut quo odit","userId":4},{"id":41,"title":"ea voluptates maiores eos accusantium officiis tempore mollitia consequatur","userId":5},{"id":42,"title":"tenetur explicabo ea","userId":5},{"id":43,"title":"aperiam doloremque nihil","userId":5},{"id":44,"title":"sapiente cum numquam officia consequatur vel natus quos suscipit","userId":5},{"id":45,"title":"tenetur quos ea unde est enim corrupti qui","userId":5},{"id":46,"title":"molestiae voluptate non","userId":5},{"id":47,"title":"temporibus molestiae aut","userId":5},{"id":48,"title":"modi consequatur culpa aut quam soluta alias perspiciatis laudantium","userId":5},{"id":49,"title":"ut aut vero repudiandae voluptas ullam voluptas at consequatur","userId":5},{"id":50,"title":"sed qui sed quas sit ducimus dolor","userId":5},{"id":51,"title":"odit laboriosam sint quia cupiditate animi quis","userId":6},{"id":52,"title":"necessitatibus quas et sunt at voluptatem","userId":6},{"id":53,"title":"est vel sequi voluptatem nemo quam molestiae modi enim","userId":6},{"id":54,"title":"aut non illo amet perferendis","userId":6},{"id":55,"title":"qui culpa itaque omnis in nesciunt architecto error","userId":6},{"id":56,"title":"omnis qui maiores tempora officiis omnis rerum sed repellat","userId":6},{"id":57,"title":"libero excepturi voluptatem est architecto quae voluptatum officia tempora","userId":6},{"id":58,"title":"nulla illo consequatur aspernatur veritatis aut error delectus et","userId":6},{"id":59,"title":"eligendi similique provident nihil","userId":6},{"id":60,"title":"omnis mollitia sunt aliquid eum consequatur fugit minus laudantium","userId":6},{"id":61,"title":"delectus iusto et","userId":7},{"id":62,"title":"eos ea non recusandae iste ut quasi","userId":7},{"id":63,"title":"velit est quam","userId":7},{"id":64,"title":"autem voluptatem amet iure quae","userId":7},{"id":65,"title":"voluptates delectus iure iste qui","userId":7},{"id":66,"title":"velit sed quia dolor dolores delectus","userId":7},{"id":67,"title":"ad voluptas nostrum et nihil","userId":7},{"id":68,"title":"qui quasi nihil aut voluptatum sit dolore minima","userId":7},{"id":69,"title":"qui aut est","userId":7},{"id":70,"title":"et deleniti unde","userId":7},{"id":71,"title":"et vel corporis","userId":8},{"id":72,"title":"unde exercitationem ut","userId":8},{"id":73,"title":"quos omnis officia","userId":8},{"id":74,"title":"quia est eius vitae dolor","userId":8},{"id":75,"title":"aut quia expedita non","userId":8},{"id":76,"title":"dolorem magnam facere itaque ut reprehenderit tenetur corrupti","userId":8},{"id":77,"title":"cupiditate sapiente maiores iusto ducimus cum excepturi veritatis quia","userId":8},{"id":78,"title":"est minima eius possimus ea ratione velit et","userId":8},{"id":79,"title":"ipsa quae voluptas natus ut suscipit soluta quia quidem","userId":8},{"id":80,"title":"id nihil reprehenderit","userId":8},{"id":81,"title":"quibusdam sapiente et","userId":9},{"id":82,"title":"recusandae consequatur vel amet unde","userId":9},{"id":83,"title":"aperiam odio fugiat","userId":9},{"id":84,"title":"est et at eos expedita","userId":9},{"id":85,"title":"qui voluptatem consequatur aut ab quis temporibus praesentium","userId":9},{"id":86,"title":"eligendi mollitia alias aspernatur vel ut iusto","userId":9},{"id":87,"title":"aut aut architecto","userId":9},{"id":88,"title":"quas perspiciatis optio","userId":9},{"id":89,"title":"sit optio id voluptatem est eum et","userId":9},{"id":90,"title":"est vel dignissimos","userId":9},{"id":91,"title":"repellendus praesentium debitis officiis","userId":10},{"id":92,"title":"incidunt et et eligendi assumenda soluta quia recusandae","userId":10},{"id":93,"title":"nisi qui dolores perspiciatis","userId":10},{"id":94,"title":"quisquam a dolores et earum vitae","userId":10},{"id":95,"title":"consectetur vel rerum qui aperiam modi eos aspernatur ipsa","userId":10},{"id":96,"title":"unde et ut molestiae est molestias voluptatem sint","userId":10},{"id":97,"title":"est quod aut","userId":10},{"id":98,"title":"omnis quia possimus nesciunt deleniti assumenda sed autem","userId":10},{"id":99,"title":"consectetur ut id impedit dolores sit ad ex aut","userId":10},{"id":100,"title":"enim repellat iste","userId":10}]
20:53:14.655 [main] INFO  com.intuit.karate - [print] natus impedit quibusdam illo est 
20:55:25.648 [main] DEBUG com.intuit.karate.Suite - [config] classpath:karate-config.js
20:55:27.975 [main] INFO  com.intuit.karate - karate.env system property was: null 
20:55:28.847 [main] DEBUG com.intuit.karate - request:
1 > GET https://jsonplaceholder.typicode.com/todos/1
1 > Host: jsonplaceholder.typicode.com
1 > Connection: Keep-Alive
1 > User-Agent: Apache-HttpClient/4.5.13 (Java/19.0.1)
1 > Accept-Encoding: gzip,deflate


20:55:30.466 [main] DEBUG com.intuit.karate - response time in milliseconds: 1501
1 < 200
1 < Date: Sat, 02 Dec 2023 23:55:32 GMT
1 < Content-Type: application/json; charset=utf-8
1 < Transfer-Encoding: chunked
1 < Connection: keep-alive
1 < Report-To: {"group":"heroku-nel","max_age":3600,"endpoints":[{"url":"https://nel.heroku.com/reports?ts=1701183111&sid=e11707d5-02a7-43ef-b45e-2cf4d2036f7d&s=3jrMlaKmF0xgLKCUO0Fsivkoev%2FN%2FYz2f81MfPYdy5g%3D"}]}
1 < Reporting-Endpoints: heroku-nel=https://nel.heroku.com/reports?ts=1701183111&sid=e11707d5-02a7-43ef-b45e-2cf4d2036f7d&s=3jrMlaKmF0xgLKCUO0Fsivkoev%2FN%2FYz2f81MfPYdy5g%3D
1 < Nel: {"report_to":"heroku-nel","max_age":3600,"success_fraction":0.005,"failure_fraction":0.05,"response_headers":["Via"]}
1 < X-Powered-By: Express
1 < X-Ratelimit-Limit: 1000
1 < X-Ratelimit-Remaining: 999
1 < X-Ratelimit-Reset: 1701183164
1 < Vary: Origin, Accept-Encoding
1 < Access-Control-Allow-Credentials: true
1 < Cache-Control: max-age=43200
1 < Pragma: no-cache
1 < Expires: -1
1 < X-Content-Type-Options: nosniff
1 < Etag: W/"53-hfEnumeNh6YirfjyjaujcOPPT+s"
1 < Via: 1.1 vegur
1 < CF-Cache-Status: HIT
1 < Age: 3800
1 < Server: cloudflare
1 < CF-RAY: 82f78057ddb60b42-AMS
1 < alt-svc: h3=":443"; ma=86400
{"id":1,"completed":false,"title":"delectus aut autem","userId":1}
20:55:30.532 [main] INFO  com.intuit.karate - karate.env system property was: null 
20:55:30.542 [main] DEBUG com.intuit.karate - request:
1 > GET https://jsonplaceholder.typicode.com/abacate/1839213710
1 > Host: jsonplaceholder.typicode.com
1 > Connection: Keep-Alive
1 > User-Agent: Apache-HttpClient/4.5.13 (Java/19.0.1)
1 > Accept-Encoding: gzip,deflate


20:55:31.484 [main] DEBUG com.intuit.karate - response time in milliseconds: 942
1 < 404
1 < Date: Sat, 02 Dec 2023 23:55:33 GMT
1 < Content-Type: application/json; charset=utf-8
1 < Content-Length: 2
1 < Connection: keep-alive
1 < Report-To: {"group":"heroku-nel","max_age":3600,"endpoints":[{"url":"https://nel.heroku.com/reports?ts=1701561333&sid=e11707d5-02a7-43ef-b45e-2cf4d2036f7d&s=pZeKwaG8qYBfHoF3R7fg%2B7Q7aL22oWZuLcZx%2FFiG9wc%3D"}]}
1 < Reporting-Endpoints: heroku-nel=https://nel.heroku.com/reports?ts=1701561333&sid=e11707d5-02a7-43ef-b45e-2cf4d2036f7d&s=pZeKwaG8qYBfHoF3R7fg%2B7Q7aL22oWZuLcZx%2FFiG9wc%3D
1 < Nel: {"report_to":"heroku-nel","max_age":3600,"success_fraction":0.005,"failure_fraction":0.05,"response_headers":["Via"]}
1 < X-Powered-By: Express
1 < X-Ratelimit-Limit: 1000
1 < X-Ratelimit-Remaining: 999
1 < X-Ratelimit-Reset: 1701561347
1 < Vary: Origin, Accept-Encoding
1 < Access-Control-Allow-Credentials: true
1 < Cache-Control: max-age=43200
1 < Pragma: no-cache
1 < Expires: -1
1 < X-Content-Type-Options: nosniff
1 < Etag: W/"2-vyGp6PvFo4RvsFtPoIWeCReyIC8"
1 < Via: 1.1 vegur
1 < CF-Cache-Status: MISS
1 < Server: cloudflare
1 < CF-RAY: 82f7805d7cf10a5b-AMS
1 < alt-svc: h3=":443"; ma=86400
{}
20:55:31.523 [main] INFO  com.intuit.karate - karate.env system property was: null 
20:55:31.541 [main] DEBUG com.intuit.karate - request:
1 > GET https://jsonplaceholder.typicode.com/comments/1
1 > Host: jsonplaceholder.typicode.com
1 > Connection: Keep-Alive
1 > User-Agent: Apache-HttpClient/4.5.13 (Java/19.0.1)
1 > Accept-Encoding: gzip,deflate


20:55:32.196 [main] DEBUG com.intuit.karate - response time in milliseconds: 654
1 < 200
1 < Date: Sat, 02 Dec 2023 23:55:34 GMT
1 < Content-Type: application/json; charset=utf-8
1 < Transfer-Encoding: chunked
1 < Connection: keep-alive
1 < Report-To: {"group":"heroku-nel","max_age":3600,"endpoints":[{"url":"https://nel.heroku.com/reports?ts=1701560513&sid=e11707d5-02a7-43ef-b45e-2cf4d2036f7d&s=OsmFl4fltle5djpBf0ngtCNmYSyGuvMiAI2WE5e1msU%3D"}]}
1 < Reporting-Endpoints: heroku-nel=https://nel.heroku.com/reports?ts=1701560513&sid=e11707d5-02a7-43ef-b45e-2cf4d2036f7d&s=OsmFl4fltle5djpBf0ngtCNmYSyGuvMiAI2WE5e1msU%3D
1 < Nel: {"report_to":"heroku-nel","max_age":3600,"success_fraction":0.005,"failure_fraction":0.05,"response_headers":["Via"]}
1 < X-Powered-By: Express
1 < X-Ratelimit-Limit: 1000
1 < X-Ratelimit-Remaining: 998
1 < X-Ratelimit-Reset: 1701560567
1 < Vary: Origin, Accept-Encoding
1 < Access-Control-Allow-Credentials: true
1 < Cache-Control: max-age=43200
1 < Pragma: no-cache
1 < Expires: -1
1 < X-Content-Type-Options: nosniff
1 < Etag: W/"10c-KJ4I9RM/+33TKdV8CFsIvqsDSP0"
1 < Via: 1.1 vegur
1 < CF-Cache-Status: HIT
1 < Age: 821
1 < Server: cloudflare
1 < CF-RAY: 82f780638dd50e2e-AMS
1 < alt-svc: h3=":443"; ma=86400
{"name":"id labore ex et quam laborum","postId":1,"id":1,"body":"laudantium enim quasi est quidem magnam voluptate ipsam eos\ntempora quo necessitatibus\ndolor quam autem quasi\nreiciendis et nam sapiente accusantium","email":"Eliseo@gardner.biz"}
20:55:32.331 [main] INFO  com.intuit.karate - karate.env system property was: null 
20:55:32.339 [main] DEBUG com.intuit.karate - request:
1 > GET https://jsonplaceholder.typicode.com/comments/1000000
1 > Host: jsonplaceholder.typicode.com
1 > Connection: Keep-Alive
1 > User-Agent: Apache-HttpClient/4.5.13 (Java/19.0.1)
1 > Accept-Encoding: gzip,deflate


20:55:33.265 [main] DEBUG com.intuit.karate - response time in milliseconds: 925
1 < 404
1 < Date: Sat, 02 Dec 2023 23:55:35 GMT
1 < Content-Type: application/json; charset=utf-8
1 < Content-Length: 2
1 < Connection: keep-alive
1 < Report-To: {"group":"heroku-nel","max_age":3600,"endpoints":[{"url":"https://nel.heroku.com/reports?ts=1701561335&sid=e11707d5-02a7-43ef-b45e-2cf4d2036f7d&s=desqQlqq08VIShFUSOLNvTKUkAabQez1RhcHemNFWTk%3D"}]}
1 < Reporting-Endpoints: heroku-nel=https://nel.heroku.com/reports?ts=1701561335&sid=e11707d5-02a7-43ef-b45e-2cf4d2036f7d&s=desqQlqq08VIShFUSOLNvTKUkAabQez1RhcHemNFWTk%3D
1 < Nel: {"report_to":"heroku-nel","max_age":3600,"success_fraction":0.005,"failure_fraction":0.05,"response_headers":["Via"]}
1 < X-Powered-By: Express
1 < X-Ratelimit-Limit: 1000
1 < X-Ratelimit-Remaining: 998
1 < X-Ratelimit-Reset: 1701561347
1 < Vary: Origin, Accept-Encoding
1 < Access-Control-Allow-Credentials: true
1 < Cache-Control: max-age=43200
1 < Pragma: no-cache
1 < Expires: -1
1 < X-Content-Type-Options: nosniff
1 < Etag: W/"2-vyGp6PvFo4RvsFtPoIWeCReyIC8"
1 < Via: 1.1 vegur
1 < CF-Cache-Status: MISS
1 < Server: cloudflare
1 < CF-RAY: 82f780688d561c8e-AMS
1 < alt-svc: h3=":443"; ma=86400
{}
20:55:33.290 [main] INFO  com.intuit.karate - karate.env system property was: null 
20:55:33.298 [main] DEBUG com.intuit.karate - request:
1 > GET https://jsonplaceholder.typicode.com/albums
1 > Host: jsonplaceholder.typicode.com
1 > Connection: Keep-Alive
1 > User-Agent: Apache-HttpClient/4.5.13 (Java/19.0.1)
1 > Accept-Encoding: gzip,deflate


20:55:33.416 [main] DEBUG com.intuit.karate - response time in milliseconds: 109
1 < 200
1 < Date: Sat, 02 Dec 2023 23:55:35 GMT
1 < Content-Type: application/json; charset=utf-8
1 < Transfer-Encoding: chunked
1 < Connection: keep-alive
1 < Report-To: {"group":"heroku-nel","max_age":3600,"endpoints":[{"url":"https://nel.heroku.com/reports?ts=1700758711&sid=e11707d5-02a7-43ef-b45e-2cf4d2036f7d&s=5yD9uQXY7n9%2B5HOYKEa70cy3ZLNuh%2FuOPUMuvmIrXjk%3D"}]}
1 < Reporting-Endpoints: heroku-nel=https://nel.heroku.com/reports?ts=1700758711&sid=e11707d5-02a7-43ef-b45e-2cf4d2036f7d&s=5yD9uQXY7n9%2B5HOYKEa70cy3ZLNuh%2FuOPUMuvmIrXjk%3D
1 < Nel: {"report_to":"heroku-nel","max_age":3600,"success_fraction":0.005,"failure_fraction":0.05,"response_headers":["Via"]}
1 < X-Powered-By: Express
1 < X-Ratelimit-Limit: 1000
1 < X-Ratelimit-Remaining: 999
1 < X-Ratelimit-Reset: 1700758769
1 < Vary: Origin, Accept-Encoding
1 < Access-Control-Allow-Credentials: true
1 < Cache-Control: max-age=43200
1 < Pragma: no-cache
1 < Expires: -1
1 < X-Content-Type-Options: nosniff
1 < Etag: W/"2475-YUx9CiwTgoHXeL4210gtmqFIZNA"
1 < Via: 1.1 vegur
1 < CF-Cache-Status: HIT
1 < Age: 19582
1 < Server: cloudflare
1 < CF-RAY: 82f7806bb945644e-GIG
1 < alt-svc: h3=":443"; ma=86400
[{"id":1,"title":"quidem molestiae enim","userId":1},{"id":2,"title":"sunt qui excepturi placeat culpa","userId":1},{"id":3,"title":"omnis laborum odio","userId":1},{"id":4,"title":"non esse culpa molestiae omnis sed optio","userId":1},{"id":5,"title":"eaque aut omnis a","userId":1},{"id":6,"title":"natus impedit quibusdam illo est","userId":1},{"id":7,"title":"quibusdam autem aliquid et et quia","userId":1},{"id":8,"title":"qui fuga est a eum","userId":1},{"id":9,"title":"saepe unde necessitatibus rem","userId":1},{"id":10,"title":"distinctio laborum qui","userId":1},{"id":11,"title":"quam nostrum impedit mollitia quod et dolor","userId":2},{"id":12,"title":"consequatur autem doloribus natus consectetur","userId":2},{"id":13,"title":"ab rerum non rerum consequatur ut ea unde","userId":2},{"id":14,"title":"ducimus molestias eos animi atque nihil","userId":2},{"id":15,"title":"ut pariatur rerum ipsum natus repellendus praesentium","userId":2},{"id":16,"title":"voluptatem aut maxime inventore autem magnam atque repellat","userId":2},{"id":17,"title":"aut minima voluptatem ut velit","userId":2},{"id":18,"title":"nesciunt quia et doloremque","userId":2},{"id":19,"title":"velit pariatur quaerat similique libero omnis quia","userId":2},{"id":20,"title":"voluptas rerum iure ut enim","userId":2},{"id":21,"title":"repudiandae voluptatem optio est consequatur rem in temporibus et","userId":3},{"id":22,"title":"et rem non provident vel ut","userId":3},{"id":23,"title":"incidunt quisquam hic adipisci sequi","userId":3},{"id":24,"title":"dolores ut et facere placeat","userId":3},{"id":25,"title":"vero maxime id possimus sunt neque et consequatur","userId":3},{"id":26,"title":"quibusdam saepe ipsa vel harum","userId":3},{"id":27,"title":"id non nostrum expedita","userId":3},{"id":28,"title":"omnis neque exercitationem sed dolor atque maxime aut cum","userId":3},{"id":29,"title":"inventore ut quasi magnam itaque est fugit","userId":3},{"id":30,"title":"tempora assumenda et similique odit distinctio error","userId":3},{"id":31,"title":"adipisci laborum fuga laboriosam","userId":4},{"id":32,"title":"reiciendis dolores a ut qui debitis non quo labore","userId":4},{"id":33,"title":"iste eos nostrum","userId":4},{"id":34,"title":"cumque voluptatibus rerum architecto blanditiis","userId":4},{"id":35,"title":"et impedit nisi quae magni necessitatibus sed aut pariatur","userId":4},{"id":36,"title":"nihil cupiditate voluptate neque","userId":4},{"id":37,"title":"est placeat dicta ut nisi rerum iste","userId":4},{"id":38,"title":"unde a sequi id","userId":4},{"id":39,"title":"ratione porro illum labore eum aperiam sed","userId":4},{"id":40,"title":"voluptas neque et sint aut quo odit","userId":4},{"id":41,"title":"ea voluptates maiores eos accusantium officiis tempore mollitia consequatur","userId":5},{"id":42,"title":"tenetur explicabo ea","userId":5},{"id":43,"title":"aperiam doloremque nihil","userId":5},{"id":44,"title":"sapiente cum numquam officia consequatur vel natus quos suscipit","userId":5},{"id":45,"title":"tenetur quos ea unde est enim corrupti qui","userId":5},{"id":46,"title":"molestiae voluptate non","userId":5},{"id":47,"title":"temporibus molestiae aut","userId":5},{"id":48,"title":"modi consequatur culpa aut quam soluta alias perspiciatis laudantium","userId":5},{"id":49,"title":"ut aut vero repudiandae voluptas ullam voluptas at consequatur","userId":5},{"id":50,"title":"sed qui sed quas sit ducimus dolor","userId":5},{"id":51,"title":"odit laboriosam sint quia cupiditate animi quis","userId":6},{"id":52,"title":"necessitatibus quas et sunt at voluptatem","userId":6},{"id":53,"title":"est vel sequi voluptatem nemo quam molestiae modi enim","userId":6},{"id":54,"title":"aut non illo amet perferendis","userId":6},{"id":55,"title":"qui culpa itaque omnis in nesciunt architecto error","userId":6},{"id":56,"title":"omnis qui maiores tempora officiis omnis rerum sed repellat","userId":6},{"id":57,"title":"libero excepturi voluptatem est architecto quae voluptatum officia tempora","userId":6},{"id":58,"title":"nulla illo consequatur aspernatur veritatis aut error delectus et","userId":6},{"id":59,"title":"eligendi similique provident nihil","userId":6},{"id":60,"title":"omnis mollitia sunt aliquid eum consequatur fugit minus laudantium","userId":6},{"id":61,"title":"delectus iusto et","userId":7},{"id":62,"title":"eos ea non recusandae iste ut quasi","userId":7},{"id":63,"title":"velit est quam","userId":7},{"id":64,"title":"autem voluptatem amet iure quae","userId":7},{"id":65,"title":"voluptates delectus iure iste qui","userId":7},{"id":66,"title":"velit sed quia dolor dolores delectus","userId":7},{"id":67,"title":"ad voluptas nostrum et nihil","userId":7},{"id":68,"title":"qui quasi nihil aut voluptatum sit dolore minima","userId":7},{"id":69,"title":"qui aut est","userId":7},{"id":70,"title":"et deleniti unde","userId":7},{"id":71,"title":"et vel corporis","userId":8},{"id":72,"title":"unde exercitationem ut","userId":8},{"id":73,"title":"quos omnis officia","userId":8},{"id":74,"title":"quia est eius vitae dolor","userId":8},{"id":75,"title":"aut quia expedita non","userId":8},{"id":76,"title":"dolorem magnam facere itaque ut reprehenderit tenetur corrupti","userId":8},{"id":77,"title":"cupiditate sapiente maiores iusto ducimus cum excepturi veritatis quia","userId":8},{"id":78,"title":"est minima eius possimus ea ratione velit et","userId":8},{"id":79,"title":"ipsa quae voluptas natus ut suscipit soluta quia quidem","userId":8},{"id":80,"title":"id nihil reprehenderit","userId":8},{"id":81,"title":"quibusdam sapiente et","userId":9},{"id":82,"title":"recusandae consequatur vel amet unde","userId":9},{"id":83,"title":"aperiam odio fugiat","userId":9},{"id":84,"title":"est et at eos expedita","userId":9},{"id":85,"title":"qui voluptatem consequatur aut ab quis temporibus praesentium","userId":9},{"id":86,"title":"eligendi mollitia alias aspernatur vel ut iusto","userId":9},{"id":87,"title":"aut aut architecto","userId":9},{"id":88,"title":"quas perspiciatis optio","userId":9},{"id":89,"title":"sit optio id voluptatem est eum et","userId":9},{"id":90,"title":"est vel dignissimos","userId":9},{"id":91,"title":"repellendus praesentium debitis officiis","userId":10},{"id":92,"title":"incidunt et et eligendi assumenda soluta quia recusandae","userId":10},{"id":93,"title":"nisi qui dolores perspiciatis","userId":10},{"id":94,"title":"quisquam a dolores et earum vitae","userId":10},{"id":95,"title":"consectetur vel rerum qui aperiam modi eos aspernatur ipsa","userId":10},{"id":96,"title":"unde et ut molestiae est molestias voluptatem sint","userId":10},{"id":97,"title":"est quod aut","userId":10},{"id":98,"title":"omnis quia possimus nesciunt deleniti assumenda sed autem","userId":10},{"id":99,"title":"consectetur ut id impedit dolores sit ad ex aut","userId":10},{"id":100,"title":"enim repellat iste","userId":10}]
20:55:33.431 [main] INFO  com.intuit.karate - [print] natus impedit quibusdam illo est 
21:00:32.468 [main] DEBUG com.intuit.karate.Suite - [config] classpath:karate-config.js
21:00:34.933 [main] INFO  com.intuit.karate - karate.env system property was: null 
21:00:36.086 [main] DEBUG com.intuit.karate - request:
1 > GET https://jsonplaceholder.typicode.com/todos/1
1 > Host: jsonplaceholder.typicode.com
1 > Connection: Keep-Alive
1 > User-Agent: Apache-HttpClient/4.5.13 (Java/19.0.1)
1 > Accept-Encoding: gzip,deflate


21:00:36.833 [main] DEBUG com.intuit.karate - response time in milliseconds: 679
1 < 200
1 < Date: Sun, 03 Dec 2023 00:00:38 GMT
1 < Content-Type: application/json; charset=utf-8
1 < Transfer-Encoding: chunked
1 < Connection: keep-alive
1 < Report-To: {"group":"heroku-nel","max_age":3600,"endpoints":[{"url":"https://nel.heroku.com/reports?ts=1701342647&sid=e11707d5-02a7-43ef-b45e-2cf4d2036f7d&s=gugU56BMPYgWMQl5GNpgQac8DV6epHXgxoCT%2FKFwjR0%3D"}]}
1 < Reporting-Endpoints: heroku-nel=https://nel.heroku.com/reports?ts=1701342647&sid=e11707d5-02a7-43ef-b45e-2cf4d2036f7d&s=gugU56BMPYgWMQl5GNpgQac8DV6epHXgxoCT%2FKFwjR0%3D
1 < Nel: {"report_to":"heroku-nel","max_age":3600,"success_fraction":0.005,"failure_fraction":0.05,"response_headers":["Via"]}
1 < X-Powered-By: Express
1 < X-Ratelimit-Limit: 1000
1 < X-Ratelimit-Remaining: 999
1 < X-Ratelimit-Reset: 1701342658
1 < Vary: Origin, Accept-Encoding
1 < Access-Control-Allow-Credentials: true
1 < Cache-Control: max-age=43200
1 < Pragma: no-cache
1 < Expires: -1
1 < X-Content-Type-Options: nosniff
1 < Etag: W/"53-hfEnumeNh6YirfjyjaujcOPPT+s"
1 < Via: 1.1 vegur
1 < CF-Cache-Status: HIT
1 < Age: 19924
1 < Server: cloudflare
1 < CF-RAY: 82f787d38f6672d4-GIG
1 < alt-svc: h3=":443"; ma=86400
{"id":1,"completed":false,"title":"delectus aut autem","userId":1}
21:00:36.894 [main] INFO  com.intuit.karate - karate.env system property was: null 
21:00:36.903 [main] DEBUG com.intuit.karate - request:
1 > GET https://jsonplaceholder.typicode.com/abacate
1 > Host: jsonplaceholder.typicode.com
1 > Connection: Keep-Alive
1 > User-Agent: Apache-HttpClient/4.5.13 (Java/19.0.1)
1 > Accept-Encoding: gzip,deflate


21:00:37.355 [main] DEBUG com.intuit.karate - response time in milliseconds: 450
1 < 404
1 < Date: Sun, 03 Dec 2023 00:00:39 GMT
1 < Content-Type: application/json; charset=utf-8
1 < Content-Length: 2
1 < Connection: keep-alive
1 < Report-To: {"group":"heroku-nel","max_age":3600,"endpoints":[{"url":"https://nel.heroku.com/reports?ts=1701561639&sid=e11707d5-02a7-43ef-b45e-2cf4d2036f7d&s=0MXrhD3n0EsXS90U1Bpiz8EwQpQRpoi92uukS6udMZQ%3D"}]}
1 < Reporting-Endpoints: heroku-nel=https://nel.heroku.com/reports?ts=1701561639&sid=e11707d5-02a7-43ef-b45e-2cf4d2036f7d&s=0MXrhD3n0EsXS90U1Bpiz8EwQpQRpoi92uukS6udMZQ%3D
1 < Nel: {"report_to":"heroku-nel","max_age":3600,"success_fraction":0.005,"failure_fraction":0.05,"response_headers":["Via"]}
1 < X-Powered-By: Express
1 < X-Ratelimit-Limit: 1000
1 < X-Ratelimit-Remaining: 999
1 < X-Ratelimit-Reset: 1701561647
1 < Vary: Origin, Accept-Encoding
1 < Access-Control-Allow-Credentials: true
1 < Cache-Control: max-age=43200
1 < Pragma: no-cache
1 < Expires: -1
1 < X-Content-Type-Options: nosniff
1 < Etag: W/"2-vyGp6PvFo4RvsFtPoIWeCReyIC8"
1 < Via: 1.1 vegur
1 < CF-Cache-Status: MISS
1 < Server: cloudflare
1 < CF-RAY: 82f787d5382364eb-GIG
1 < alt-svc: h3=":443"; ma=86400
{}
21:00:37.398 [main] INFO  com.intuit.karate - karate.env system property was: null 
21:00:37.414 [main] DEBUG com.intuit.karate - request:
1 > GET https://jsonplaceholder.typicode.com/comments/1
1 > Host: jsonplaceholder.typicode.com
1 > Connection: Keep-Alive
1 > User-Agent: Apache-HttpClient/4.5.13 (Java/19.0.1)
1 > Accept-Encoding: gzip,deflate


21:00:38.147 [main] DEBUG com.intuit.karate - response time in milliseconds: 731
1 < 200
1 < Date: Sun, 03 Dec 2023 00:00:40 GMT
1 < Content-Type: application/json; charset=utf-8
1 < Transfer-Encoding: chunked
1 < Connection: keep-alive
1 < Report-To: {"group":"heroku-nel","max_age":3600,"endpoints":[{"url":"https://nel.heroku.com/reports?ts=1701527137&sid=e11707d5-02a7-43ef-b45e-2cf4d2036f7d&s=4uNzgJW%2BIXGBn3%2Fe52nsul%2Bz0sywsyi226QL74RON7w%3D"}]}
1 < Reporting-Endpoints: heroku-nel=https://nel.heroku.com/reports?ts=1701527137&sid=e11707d5-02a7-43ef-b45e-2cf4d2036f7d&s=4uNzgJW%2BIXGBn3%2Fe52nsul%2Bz0sywsyi226QL74RON7w%3D
1 < Nel: {"report_to":"heroku-nel","max_age":3600,"success_fraction":0.005,"failure_fraction":0.05,"response_headers":["Via"]}
1 < X-Powered-By: Express
1 < X-Ratelimit-Limit: 1000
1 < X-Ratelimit-Remaining: 999
1 < X-Ratelimit-Reset: 1701527146
1 < Vary: Origin, Accept-Encoding
1 < Access-Control-Allow-Credentials: true
1 < Cache-Control: max-age=43200
1 < Pragma: no-cache
1 < Expires: -1
1 < X-Content-Type-Options: nosniff
1 < Etag: W/"10c-KJ4I9RM/+33TKdV8CFsIvqsDSP0"
1 < Via: 1.1 vegur
1 < CF-Cache-Status: HIT
1 < Age: 1239
1 < Server: cloudflare
1 < CF-RAY: 82f787dbbf15d36f-CDG
1 < alt-svc: h3=":443"; ma=86400
{"name":"id labore ex et quam laborum","postId":1,"id":1,"body":"laudantium enim quasi est quidem magnam voluptate ipsam eos\ntempora quo necessitatibus\ndolor quam autem quasi\nreiciendis et nam sapiente accusantium","email":"Eliseo@gardner.biz"}
21:00:38.235 [main] INFO  com.intuit.karate - karate.env system property was: null 
21:00:38.246 [main] DEBUG com.intuit.karate - request:
1 > GET https://jsonplaceholder.typicode.com/comments/1000000
1 > Host: jsonplaceholder.typicode.com
1 > Connection: Keep-Alive
1 > User-Agent: Apache-HttpClient/4.5.13 (Java/19.0.1)
1 > Accept-Encoding: gzip,deflate


21:00:39.224 [main] DEBUG com.intuit.karate - response time in milliseconds: 977
1 < 404
1 < Date: Sun, 03 Dec 2023 00:00:41 GMT
1 < Content-Type: application/json; charset=utf-8
1 < Content-Length: 2
1 < Connection: keep-alive
1 < Report-To: {"group":"heroku-nel","max_age":3600,"endpoints":[{"url":"https://nel.heroku.com/reports?ts=1701561641&sid=e11707d5-02a7-43ef-b45e-2cf4d2036f7d&s=1hilLI2q%2FetIeTk7qQ3SORDqh7dxI81Tg%2F2NH09ixFM%3D"}]}
1 < Reporting-Endpoints: heroku-nel=https://nel.heroku.com/reports?ts=1701561641&sid=e11707d5-02a7-43ef-b45e-2cf4d2036f7d&s=1hilLI2q%2FetIeTk7qQ3SORDqh7dxI81Tg%2F2NH09ixFM%3D
1 < Nel: {"report_to":"heroku-nel","max_age":3600,"success_fraction":0.005,"failure_fraction":0.05,"response_headers":["Via"]}
1 < X-Powered-By: Express
1 < X-Ratelimit-Limit: 1000
1 < X-Ratelimit-Remaining: 998
1 < X-Ratelimit-Reset: 1701561647
1 < Vary: Origin, Accept-Encoding
1 < Access-Control-Allow-Credentials: true
1 < Cache-Control: max-age=43200
1 < Pragma: no-cache
1 < Expires: -1
1 < X-Content-Type-Options: nosniff
1 < Etag: W/"2-vyGp6PvFo4RvsFtPoIWeCReyIC8"
1 < Via: 1.1 vegur
1 < CF-Cache-Status: MISS
1 < Server: cloudflare
1 < CF-RAY: 82f787e0eec0d3ab-CDG
1 < alt-svc: h3=":443"; ma=86400
{}
21:00:39.245 [main] INFO  com.intuit.karate - karate.env system property was: null 
21:00:39.254 [main] DEBUG com.intuit.karate - request:
1 > GET https://jsonplaceholder.typicode.com/albums
1 > Host: jsonplaceholder.typicode.com
1 > Connection: Keep-Alive
1 > User-Agent: Apache-HttpClient/4.5.13 (Java/19.0.1)
1 > Accept-Encoding: gzip,deflate


21:00:39.925 [main] DEBUG com.intuit.karate - response time in milliseconds: 658
1 < 200
1 < Date: Sun, 03 Dec 2023 00:00:42 GMT
1 < Content-Type: application/json; charset=utf-8
1 < Transfer-Encoding: chunked
1 < Connection: keep-alive
1 < Report-To: {"group":"heroku-nel","max_age":3600,"endpoints":[{"url":"https://nel.heroku.com/reports?ts=1699507938&sid=e11707d5-02a7-43ef-b45e-2cf4d2036f7d&s=%2BQEhf1dfeyw6s%2BbXT8h1rrC12sCI%2BePDZCEzHI6oX0Y%3D"}]}
1 < Reporting-Endpoints: heroku-nel=https://nel.heroku.com/reports?ts=1699507938&sid=e11707d5-02a7-43ef-b45e-2cf4d2036f7d&s=%2BQEhf1dfeyw6s%2BbXT8h1rrC12sCI%2BePDZCEzHI6oX0Y%3D
1 < Nel: {"report_to":"heroku-nel","max_age":3600,"success_fraction":0.005,"failure_fraction":0.05,"response_headers":["Via"]}
1 < X-Powered-By: Express
1 < X-Ratelimit-Limit: 1000
1 < X-Ratelimit-Remaining: 999
1 < X-Ratelimit-Reset: 1699507976
1 < Vary: Origin, Accept-Encoding
1 < Access-Control-Allow-Credentials: true
1 < Cache-Control: max-age=43200
1 < Pragma: no-cache
1 < Expires: -1
1 < X-Content-Type-Options: nosniff
1 < Etag: W/"2475-YUx9CiwTgoHXeL4210gtmqFIZNA"
1 < Via: 1.1 vegur
1 < CF-Cache-Status: HIT
1 < Age: 21506
1 < Server: cloudflare
1 < CF-RAY: 82f787e6b941b8bb-AMS
1 < alt-svc: h3=":443"; ma=86400
[{"id":1,"title":"quidem molestiae enim","userId":1},{"id":2,"title":"sunt qui excepturi placeat culpa","userId":1},{"id":3,"title":"omnis laborum odio","userId":1},{"id":4,"title":"non esse culpa molestiae omnis sed optio","userId":1},{"id":5,"title":"eaque aut omnis a","userId":1},{"id":6,"title":"natus impedit quibusdam illo est","userId":1},{"id":7,"title":"quibusdam autem aliquid et et quia","userId":1},{"id":8,"title":"qui fuga est a eum","userId":1},{"id":9,"title":"saepe unde necessitatibus rem","userId":1},{"id":10,"title":"distinctio laborum qui","userId":1},{"id":11,"title":"quam nostrum impedit mollitia quod et dolor","userId":2},{"id":12,"title":"consequatur autem doloribus natus consectetur","userId":2},{"id":13,"title":"ab rerum non rerum consequatur ut ea unde","userId":2},{"id":14,"title":"ducimus molestias eos animi atque nihil","userId":2},{"id":15,"title":"ut pariatur rerum ipsum natus repellendus praesentium","userId":2},{"id":16,"title":"voluptatem aut maxime inventore autem magnam atque repellat","userId":2},{"id":17,"title":"aut minima voluptatem ut velit","userId":2},{"id":18,"title":"nesciunt quia et doloremque","userId":2},{"id":19,"title":"velit pariatur quaerat similique libero omnis quia","userId":2},{"id":20,"title":"voluptas rerum iure ut enim","userId":2},{"id":21,"title":"repudiandae voluptatem optio est consequatur rem in temporibus et","userId":3},{"id":22,"title":"et rem non provident vel ut","userId":3},{"id":23,"title":"incidunt quisquam hic adipisci sequi","userId":3},{"id":24,"title":"dolores ut et facere placeat","userId":3},{"id":25,"title":"vero maxime id possimus sunt neque et consequatur","userId":3},{"id":26,"title":"quibusdam saepe ipsa vel harum","userId":3},{"id":27,"title":"id non nostrum expedita","userId":3},{"id":28,"title":"omnis neque exercitationem sed dolor atque maxime aut cum","userId":3},{"id":29,"title":"inventore ut quasi magnam itaque est fugit","userId":3},{"id":30,"title":"tempora assumenda et similique odit distinctio error","userId":3},{"id":31,"title":"adipisci laborum fuga laboriosam","userId":4},{"id":32,"title":"reiciendis dolores a ut qui debitis non quo labore","userId":4},{"id":33,"title":"iste eos nostrum","userId":4},{"id":34,"title":"cumque voluptatibus rerum architecto blanditiis","userId":4},{"id":35,"title":"et impedit nisi quae magni necessitatibus sed aut pariatur","userId":4},{"id":36,"title":"nihil cupiditate voluptate neque","userId":4},{"id":37,"title":"est placeat dicta ut nisi rerum iste","userId":4},{"id":38,"title":"unde a sequi id","userId":4},{"id":39,"title":"ratione porro illum labore eum aperiam sed","userId":4},{"id":40,"title":"voluptas neque et sint aut quo odit","userId":4},{"id":41,"title":"ea voluptates maiores eos accusantium officiis tempore mollitia consequatur","userId":5},{"id":42,"title":"tenetur explicabo ea","userId":5},{"id":43,"title":"aperiam doloremque nihil","userId":5},{"id":44,"title":"sapiente cum numquam officia consequatur vel natus quos suscipit","userId":5},{"id":45,"title":"tenetur quos ea unde est enim corrupti qui","userId":5},{"id":46,"title":"molestiae voluptate non","userId":5},{"id":47,"title":"temporibus molestiae aut","userId":5},{"id":48,"title":"modi consequatur culpa aut quam soluta alias perspiciatis laudantium","userId":5},{"id":49,"title":"ut aut vero repudiandae voluptas ullam voluptas at consequatur","userId":5},{"id":50,"title":"sed qui sed quas sit ducimus dolor","userId":5},{"id":51,"title":"odit laboriosam sint quia cupiditate animi quis","userId":6},{"id":52,"title":"necessitatibus quas et sunt at voluptatem","userId":6},{"id":53,"title":"est vel sequi voluptatem nemo quam molestiae modi enim","userId":6},{"id":54,"title":"aut non illo amet perferendis","userId":6},{"id":55,"title":"qui culpa itaque omnis in nesciunt architecto error","userId":6},{"id":56,"title":"omnis qui maiores tempora officiis omnis rerum sed repellat","userId":6},{"id":57,"title":"libero excepturi voluptatem est architecto quae voluptatum officia tempora","userId":6},{"id":58,"title":"nulla illo consequatur aspernatur veritatis aut error delectus et","userId":6},{"id":59,"title":"eligendi similique provident nihil","userId":6},{"id":60,"title":"omnis mollitia sunt aliquid eum consequatur fugit minus laudantium","userId":6},{"id":61,"title":"delectus iusto et","userId":7},{"id":62,"title":"eos ea non recusandae iste ut quasi","userId":7},{"id":63,"title":"velit est quam","userId":7},{"id":64,"title":"autem voluptatem amet iure quae","userId":7},{"id":65,"title":"voluptates delectus iure iste qui","userId":7},{"id":66,"title":"velit sed quia dolor dolores delectus","userId":7},{"id":67,"title":"ad voluptas nostrum et nihil","userId":7},{"id":68,"title":"qui quasi nihil aut voluptatum sit dolore minima","userId":7},{"id":69,"title":"qui aut est","userId":7},{"id":70,"title":"et deleniti unde","userId":7},{"id":71,"title":"et vel corporis","userId":8},{"id":72,"title":"unde exercitationem ut","userId":8},{"id":73,"title":"quos omnis officia","userId":8},{"id":74,"title":"quia est eius vitae dolor","userId":8},{"id":75,"title":"aut quia expedita non","userId":8},{"id":76,"title":"dolorem magnam facere itaque ut reprehenderit tenetur corrupti","userId":8},{"id":77,"title":"cupiditate sapiente maiores iusto ducimus cum excepturi veritatis quia","userId":8},{"id":78,"title":"est minima eius possimus ea ratione velit et","userId":8},{"id":79,"title":"ipsa quae voluptas natus ut suscipit soluta quia quidem","userId":8},{"id":80,"title":"id nihil reprehenderit","userId":8},{"id":81,"title":"quibusdam sapiente et","userId":9},{"id":82,"title":"recusandae consequatur vel amet unde","userId":9},{"id":83,"title":"aperiam odio fugiat","userId":9},{"id":84,"title":"est et at eos expedita","userId":9},{"id":85,"title":"qui voluptatem consequatur aut ab quis temporibus praesentium","userId":9},{"id":86,"title":"eligendi mollitia alias aspernatur vel ut iusto","userId":9},{"id":87,"title":"aut aut architecto","userId":9},{"id":88,"title":"quas perspiciatis optio","userId":9},{"id":89,"title":"sit optio id voluptatem est eum et","userId":9},{"id":90,"title":"est vel dignissimos","userId":9},{"id":91,"title":"repellendus praesentium debitis officiis","userId":10},{"id":92,"title":"incidunt et et eligendi assumenda soluta quia recusandae","userId":10},{"id":93,"title":"nisi qui dolores perspiciatis","userId":10},{"id":94,"title":"quisquam a dolores et earum vitae","userId":10},{"id":95,"title":"consectetur vel rerum qui aperiam modi eos aspernatur ipsa","userId":10},{"id":96,"title":"unde et ut molestiae est molestias voluptatem sint","userId":10},{"id":97,"title":"est quod aut","userId":10},{"id":98,"title":"omnis quia possimus nesciunt deleniti assumenda sed autem","userId":10},{"id":99,"title":"consectetur ut id impedit dolores sit ad ex aut","userId":10},{"id":100,"title":"enim repellat iste","userId":10}]
21:00:39.951 [main] INFO  com.intuit.karate - [print] natus impedit quibusdam illo est 
21:00:39.974 [main] INFO  com.intuit.karate - karate.env system property was: null 
21:00:39.984 [main] DEBUG com.intuit.karate - request:
1 > GET https://jsonplaceholder.typicode.com/todos/1
1 > Host: jsonplaceholder.typicode.com
1 > Connection: Keep-Alive
1 > User-Agent: Apache-HttpClient/4.5.13 (Java/19.0.1)
1 > Accept-Encoding: gzip,deflate


21:00:40.413 [main] DEBUG com.intuit.karate - response time in milliseconds: 428
1 < 200
1 < Date: Sun, 03 Dec 2023 00:00:42 GMT
1 < Content-Type: application/json; charset=utf-8
1 < Transfer-Encoding: chunked
1 < Connection: keep-alive
1 < Report-To: {"group":"heroku-nel","max_age":3600,"endpoints":[{"url":"https://nel.heroku.com/reports?ts=1701241076&sid=e11707d5-02a7-43ef-b45e-2cf4d2036f7d&s=nhGZZomXe2APScpWPTr8rMVF1bW9gZflprterR8uJnk%3D"}]}
1 < Reporting-Endpoints: heroku-nel=https://nel.heroku.com/reports?ts=1701241076&sid=e11707d5-02a7-43ef-b45e-2cf4d2036f7d&s=nhGZZomXe2APScpWPTr8rMVF1bW9gZflprterR8uJnk%3D
1 < Nel: {"report_to":"heroku-nel","max_age":3600,"success_fraction":0.005,"failure_fraction":0.05,"response_headers":["Via"]}
1 < X-Powered-By: Express
1 < X-Ratelimit-Limit: 1000
1 < X-Ratelimit-Remaining: 999
1 < X-Ratelimit-Reset: 1701241124
1 < Vary: Origin, Accept-Encoding
1 < Access-Control-Allow-Credentials: true
1 < Cache-Control: max-age=43200
1 < Pragma: no-cache
1 < Expires: -1
1 < X-Content-Type-Options: nosniff
1 < Etag: W/"53-hfEnumeNh6YirfjyjaujcOPPT+s"
1 < Via: 1.1 vegur
1 < CF-Cache-Status: HIT
1 < Age: 3340
1 < Server: cloudflare
1 < CF-RAY: 82f787ea2b2fdaed-MIA
1 < alt-svc: h3=":443"; ma=86400
{"id":1,"completed":false,"title":"delectus aut autem","userId":1}
